[35m[Appium][39m Welcome to Appium v1.22.1
[35m[Appium][39m Non-default server args:
[35m[Appium][39m   port: 54932
[35m[Appium][39m   loglevel: info
[35m[Appium][39m   tmpDir: C:\Users\SINGGI~1.TAN\AppData\Local\Temp\\Katalon\Appium\Temp1639301832305
[35m[Appium][39m   chromedriverPort: 54933
[35m[Appium][39m Deprecated server args:
[35m[Appium][39m   [31m--chromedriver-port[39m => --default-capabilities
[35m[Appium][39m Default capabilities, which will be added to each request unless overridden by desired capabilities:
[35m[Appium][39m   chromedriverPort: 54933
[35m[Appium][39m Appium REST http interface listener started on 0.0.0.0:54932
[35m[HTTP][39m [37m-->[39m [37mGET[39m [37m/wd/hub/status[39m
[35m[HTTP][39m [90m{}[39m
[35m[HTTP][39m [37m<-- GET /wd/hub/status [39m[32m200[39m [90m16 ms - 68[39m
[35m[HTTP][39m [90m[39m
[35m[HTTP][39m [37m-->[39m [37mGET[39m [37m/wd/hub/status[39m
[35m[HTTP][39m [90m{}[39m
[35m[HTTP][39m [37m<-- GET /wd/hub/status [39m[32m200[39m [90m3 ms - 68[39m
[35m[HTTP][39m [90m[39m
[35m[HTTP][39m [37m-->[39m [37mPOST[39m [37m/wd/hub/session[39m
[35m[HTTP][39m [90m{"desiredCapabilities":{"appActivity":".Settings","appPackage":"com.android.settings","newCommandTimeout":1800,"platformVersion":"7.1.2","automationName":"uiautomator2","autoGrantPermissions":true,"platformName":"Android","udid":"emulator-5554","deviceName":"emulator-5554 (SM-G960N - Android 7.1.2)","platform":"ANDROID","systemPort":8270},"capabilities":{"firstMatch":[{"appium:appActivity":".Settings","appium:appPackage":"com.android.settings","appium:autoGrantPermissions":true,"appium:automationName":"uiautomator2","appium:deviceName":"emulator-5554 (SM-G960N - Android 7.1.2)","appium:newCommandTimeout":1800,"platform":"ANDROID","platformName":"android","appium:platformVersion":"7.1.2","appium:systemPort":8270,"appium:udid":"emulator-5554"}]}}[39m
[35m[BaseDriver][39m The following capabilities are not standard capabilities and should have an extension prefix:
[35m[BaseDriver][39m   platform
[35m[BaseDriver][39m   chromedriverPort
[35m[Appium][39m Appium v1.22.1 creating new AndroidUiautomator2Driver (v1.70.1) session
[35m[BaseDriver][39m The following capabilities were provided, but are not recognized by Appium:
[35m[BaseDriver][39m   platform
[35m[BaseDriver][39m Session created with session id: 96df49f6-d182-4356-bdf5-d46937760065
[35m[UiAutomator2][39m Starting 'com.android.settings' directly on the device
[35m[ADB][39m Found 1 'build-tools' folders under 'C:\Users\singgih.tanu\.katalon\tools\android_sdk' (newest first):
[35m[ADB][39m     C:/Users/singgih.tanu/.katalon/tools/android_sdk/build-tools/29.0.3
[35m[ADB][39m Using 'adb.exe' from 'C:\Users\singgih.tanu\.katalon\tools\android_sdk\platform-tools\adb.exe'
[35m[AndroidDriver][39m Retrieving device list
[35m[AndroidDriver][39m Using device: emulator-5554
[35m[ADB][39m Using 'adb.exe' from 'C:\Users\singgih.tanu\.katalon\tools\android_sdk\platform-tools\adb.exe'
[35m[AndroidDriver][39m No app sent in, not parsing package/activity
[35m[ADB][39m Using 'apksigner.jar' from 'C:\Users\singgih.tanu\.katalon\tools\android_sdk\build-tools\29.0.3\lib\apksigner.jar'
[35m[ADB][39m 'C:\Users\singgih.tanu\AppData\Roaming\npm\node_modules\appium\node_modules\appium-uiautomator2-server\apks\appium-uiautomator2-server-v4.27.0.apk' is signed with the default certificate
[35m[ADB][39m 'C:\Users\singgih.tanu\AppData\Roaming\npm\node_modules\appium\node_modules\appium-uiautomator2-server\apks\appium-uiautomator2-server-debug-androidTest.apk' is signed with the default certificate
[35m[UiAutomator2][39m Server packages are not going to be (re)installed
[35m[ADB][39m Adding packages ["io.appium.settings","io.appium.uiautomator2.server","io.appium.uiautomator2.server.test"] to Doze whitelist
[35m[UiAutomator2][39m Starting UIAutomator2 server 4.27.0
[35m[UiAutomator2][39m Using UIAutomator2 server from 'C:\Users\singgih.tanu\AppData\Roaming\npm\node_modules\appium\node_modules\appium-uiautomator2-server\apks\appium-uiautomator2-server-v4.27.0.apk' and test from 'C:\Users\singgih.tanu\AppData\Roaming\npm\node_modules\appium\node_modules\appium-uiautomator2-server\apks\appium-uiautomator2-server-debug-androidTest.apk'
[35m[UiAutomator2][39m Waiting up to 30000ms for UiAutomator2 to be online...
[35m[WD Proxy][39m socket hang up
[35m[WD Proxy][39m socket hang up
[35m[WD Proxy][39m Determined the downstream protocol as 'W3C'
[35m[AndroidDriver][39m Screen already unlocked, doing nothing
[35m[UiAutomator2][39m Starting 'com.android.settings/.Settings and waiting for 'com.android.settings/.Settings'
[35m[Appium][39m New AndroidUiautomator2Driver session created successfully, session 96df49f6-d182-4356-bdf5-d46937760065 added to master session list
[35m[HTTP][39m [37m<-- POST /wd/hub/session [39m[32m200[39m [90m13413 ms - 1177[39m
[35m[HTTP][39m [90m[39m
[35m[HTTP][39m [37m-->[39m [37mGET[39m [37m/wd/hub/session/96df49f6-d182-4356-bdf5-d46937760065[39m
[35m[HTTP][39m [90m{}[39m
[35m[HTTP][39m [37m<-- GET /wd/hub/session/96df49f6-d182-4356-bdf5-d46937760065 [39m[32m200[39m [90m12 ms - 1131[39m
[35m[HTTP][39m [90m[39m
[35m[HTTP][39m [37m-->[39m [37mGET[39m [37m/wd/hub/session/96df49f6-d182-4356-bdf5-d46937760065[39m
[35m[HTTP][39m [90m{}[39m
[35m[HTTP][39m [37m<-- GET /wd/hub/session/96df49f6-d182-4356-bdf5-d46937760065 [39m[32m200[39m [90m12 ms - 1131[39m
[35m[HTTP][39m [90m[39m
[35m[HTTP][39m [37m-->[39m [37mGET[39m [37m/wd/hub/status[39m
[35m[HTTP][39m [90m{}[39m
[35m[HTTP][39m [37m<-- GET /wd/hub/status [39m[32m200[39m [90m1 ms - 68[39m
[35m[HTTP][39m [90m[39m
[35m[HTTP][39m [37m-->[39m [37mPOST[39m [37m/wd/hub/session/96df49f6-d182-4356-bdf5-d46937760065/timeouts[39m
[35m[HTTP][39m [90m{"implicit":60000}[39m
[35m[HTTP][39m [37m<-- POST /wd/hub/session/96df49f6-d182-4356-bdf5-d46937760065/timeouts [39m[32m200[39m [90m5 ms - 14[39m
[35m[HTTP][39m [90m[39m
[35m[HTTP][39m [37m-->[39m [37mGET[39m [37m/wd/hub/session/96df49f6-d182-4356-bdf5-d46937760065/screenshot[39m
[35m[HTTP][39m [90m{}[39m
[35m[HTTP][39m [37m<-- GET /wd/hub/session/96df49f6-d182-4356-bdf5-d46937760065/screenshot [39m[32m200[39m [90m262 ms - 87312[39m
[35m[HTTP][39m [90m[39m
[35m[HTTP][39m [37m-->[39m [37mGET[39m [37m/wd/hub/session/96df49f6-d182-4356-bdf5-d46937760065/window/rect[39m
[35m[HTTP][39m [90m{}[39m
[35m[HTTP][39m [37m<-- GET /wd/hub/session/96df49f6-d182-4356-bdf5-d46937760065/window/rect [39m[32m200[39m [90m32 ms - 49[39m
[35m[HTTP][39m [90m[39m
[35m[HTTP][39m [37m-->[39m [37mGET[39m [37m/wd/hub/session/96df49f6-d182-4356-bdf5-d46937760065/appium/device/system_bars[39m
[35m[HTTP][39m [90m{}[39m
[35m[HTTP][39m [37m<-- GET /wd/hub/session/96df49f6-d182-4356-bdf5-d46937760065/appium/device/system_bars [39m[31m500[39m [90m150 ms - 661[39m
[35m[HTTP][39m [90m[39m
[35m[HTTP][39m [37m-->[39m [37mPOST[39m [37m/wd/hub/session/96df49f6-d182-4356-bdf5-d46937760065/execute/sync[39m
[35m[HTTP][39m [90m{"script":"mobile:viewportRect","args":[]}[39m
[35m[AndroidDriver][39m Executing native command 'mobile:viewportRect'
[35m[HTTP][39m [37m<-- POST /wd/hub/session/96df49f6-d182-4356-bdf5-d46937760065/execute/sync [39m[32m200[39m [90m52 ms - 55[39m
[35m[HTTP][39m [90m[39m
[35m[HTTP][39m [37m-->[39m [37mPOST[39m [37m/wd/hub/session/96df49f6-d182-4356-bdf5-d46937760065/appium/device/activate_app[39m
[35m[HTTP][39m [90m{"bundleId":"com.solodroid.solomerce"}[39m
[35m[HTTP][39m [37m<-- POST /wd/hub/session/96df49f6-d182-4356-bdf5-d46937760065/appium/device/activate_app [39m[32m200[39m [90m665 ms - 14[39m
[35m[HTTP][39m [90m[39m
[35m[HTTP][39m [37m-->[39m [37mGET[39m [37m/wd/hub/session/96df49f6-d182-4356-bdf5-d46937760065/source[39m
[35m[HTTP][39m [90m{}[39m
[35m[W3C (96df49f6)][39m Driver proxy active, passing request on via HTTP proxy
[35m[WD Proxy][39m Replacing sessionId 9cacbc58-73a5-4be0-b543-d0b781a0205d with 96df49f6-d182-4356-bdf5-d46937760065
[35m[HTTP][39m [37m<-- GET /wd/hub/session/96df49f6-d182-4356-bdf5-d46937760065/source [39m[32m200[39m [90m939 ms - 3671[39m
[35m[HTTP][39m [90m[39m
[35m[HTTP][39m [37m-->[39m [37mGET[39m [37m/wd/hub/session/96df49f6-d182-4356-bdf5-d46937760065/screenshot[39m
[35m[HTTP][39m [90m{}[39m
[35m[HTTP][39m [37m<-- GET /wd/hub/session/96df49f6-d182-4356-bdf5-d46937760065/screenshot [39m[32m200[39m [90m277 ms - 159642[39m
[35m[HTTP][39m [90m[39m
[35m[HTTP][39m [37m-->[39m [37mGET[39m [37m/wd/hub/session/96df49f6-d182-4356-bdf5-d46937760065/source[39m
[35m[HTTP][39m [90m{}[39m
[35m[W3C (96df49f6)][39m Driver proxy active, passing request on via HTTP proxy
[35m[WD Proxy][39m Replacing sessionId 9cacbc58-73a5-4be0-b543-d0b781a0205d with 96df49f6-d182-4356-bdf5-d46937760065
[35m[HTTP][39m [37m<-- GET /wd/hub/session/96df49f6-d182-4356-bdf5-d46937760065/source [39m[32m200[39m [90m167 ms - 30264[39m
[35m[HTTP][39m [90m[39m
[35m[HTTP][39m [37m-->[39m [37mGET[39m [37m/wd/hub/session/96df49f6-d182-4356-bdf5-d46937760065/screenshot[39m
[35m[HTTP][39m [90m{}[39m
[35m[HTTP][39m [37m<-- GET /wd/hub/session/96df49f6-d182-4356-bdf5-d46937760065/screenshot [39m[32m200[39m [90m591 ms - 659442[39m
[35m[HTTP][39m [90m[39m
[35m[HTTP][39m [37m-->[39m [37mPOST[39m [37m/wd/hub/session/96df49f6-d182-4356-bdf5-d46937760065/elements[39m
[35m[HTTP][39m [90m{"using":"xpath","value":"//*[@class = 'android.widget.ImageButton' and @resource-id = 'com.solodroid.solomerce:id/btn_add_cart' and (@text = '' or . = '')]"}[39m
[35m[HTTP][39m [37m<-- POST /wd/hub/session/96df49f6-d182-4356-bdf5-d46937760065/elements [39m[32m200[39m [90m644 ms - 139[39m
[35m[HTTP][39m [90m[39m
[35m[HTTP][39m [37m-->[39m [37mGET[39m [37m/wd/hub/session/96df49f6-d182-4356-bdf5-d46937760065/window/rect[39m
[35m[HTTP][39m [90m{}[39m
[35m[HTTP][39m [37m<-- GET /wd/hub/session/96df49f6-d182-4356-bdf5-d46937760065/window/rect [39m[32m200[39m [90m20 ms - 49[39m
[35m[HTTP][39m [90m[39m
[35m[HTTP][39m [37m-->[39m [37mPOST[39m [37m/wd/hub/session/96df49f6-d182-4356-bdf5-d46937760065/elements[39m
[35m[HTTP][39m [90m{"using":"xpath","value":"//*[@class = 'android.widget.ImageButton' and @resource-id = 'com.solodroid.solomerce:id/btn_add_cart' and (@text = '' or . = '')]"}[39m
[35m[HTTP][39m [37m<-- POST /wd/hub/session/96df49f6-d182-4356-bdf5-d46937760065/elements [39m[32m200[39m [90m206 ms - 139[39m
[35m[HTTP][39m [90m[39m
[35m[HTTP][39m [37m-->[39m [37mGET[39m [37m/wd/hub/session/96df49f6-d182-4356-bdf5-d46937760065/element/00000000-0000-0063-7fff-ffff0000000f/location[39m
[35m[HTTP][39m [90m{}[39m
[35m[W3C (96df49f6)][39m Driver proxy active, passing request on via HTTP proxy
[35m[WD Proxy][39m Replacing sessionId 9cacbc58-73a5-4be0-b543-d0b781a0205d with 96df49f6-d182-4356-bdf5-d46937760065
[35m[HTTP][39m [37m<-- GET /wd/hub/session/96df49f6-d182-4356-bdf5-d46937760065/element/00000000-0000-0063-7fff-ffff0000000f/location [39m[32m200[39m [90m30 ms - 77[39m
[35m[HTTP][39m [90m[39m
[35m[HTTP][39m [37m-->[39m [37mPOST[39m [37m/wd/hub/session/96df49f6-d182-4356-bdf5-d46937760065/touch/perform[39m
[35m[HTTP][39m [90m{"actions":[{"action":"tap","options":{"x":1,"y":1,"element":"00000000-0000-0063-7fff-ffff0000000f"}}]}[39m
[35m[UiAutomator2][39m calling get location: 00000000-0000-0063-7fff-ffff0000000f
[35m[HTTP][39m [37m<-- POST /wd/hub/session/96df49f6-d182-4356-bdf5-d46937760065/touch/perform [39m[32m200[39m [90m179 ms - 14[39m
[35m[HTTP][39m [90m[39m
[35m[HTTP][39m [37m-->[39m [37mGET[39m [37m/wd/hub/session/96df49f6-d182-4356-bdf5-d46937760065/source[39m
[35m[HTTP][39m [90m{}[39m
[35m[W3C (96df49f6)][39m Driver proxy active, passing request on via HTTP proxy
[35m[WD Proxy][39m Replacing sessionId 9cacbc58-73a5-4be0-b543-d0b781a0205d with 96df49f6-d182-4356-bdf5-d46937760065
[35m[HTTP][39m [37m<-- GET /wd/hub/session/96df49f6-d182-4356-bdf5-d46937760065/source [39m[32m200[39m [90m515 ms - 21325[39m
[35m[HTTP][39m [90m[39m
[35m[HTTP][39m [37m-->[39m [37mGET[39m [37m/wd/hub/session/96df49f6-d182-4356-bdf5-d46937760065/screenshot[39m
[35m[HTTP][39m [90m{}[39m
[35m[HTTP][39m [37m<-- GET /wd/hub/session/96df49f6-d182-4356-bdf5-d46937760065/screenshot [39m[32m200[39m [90m372 ms - 155068[39m
[35m[HTTP][39m [90m[39m
[35m[HTTP][39m [37m-->[39m [37mGET[39m [37m/wd/hub/session/96df49f6-d182-4356-bdf5-d46937760065/source[39m
[35m[HTTP][39m [90m{}[39m
[35m[W3C (96df49f6)][39m Driver proxy active, passing request on via HTTP proxy
[35m[WD Proxy][39m Replacing sessionId 9cacbc58-73a5-4be0-b543-d0b781a0205d with 96df49f6-d182-4356-bdf5-d46937760065
[35m[HTTP][39m [37m<-- GET /wd/hub/session/96df49f6-d182-4356-bdf5-d46937760065/source [39m[32m200[39m [90m93 ms - 21325[39m
[35m[HTTP][39m [90m[39m
[35m[HTTP][39m [37m-->[39m [37mGET[39m [37m/wd/hub/session/96df49f6-d182-4356-bdf5-d46937760065/screenshot[39m
[35m[HTTP][39m [90m{}[39m
[35m[HTTP][39m [37m<-- GET /wd/hub/session/96df49f6-d182-4356-bdf5-d46937760065/screenshot [39m[32m200[39m [90m300 ms - 154696[39m
[35m[HTTP][39m [90m[39m
[35m[HTTP][39m [37m-->[39m [37mPOST[39m [37m/wd/hub/session/96df49f6-d182-4356-bdf5-d46937760065/elements[39m
[35m[HTTP][39m [90m{"using":"xpath","value":"//*[@class = 'android.widget.TextView' and (@text = 'Samsung Galaxy S10 - Black' or . = 'Samsung Galaxy S10 - Black') and @resource-id = 'com.solodroid.solomerce:id/product_name']"}[39m
[35m[HTTP][39m [37m<-- POST /wd/hub/session/96df49f6-d182-4356-bdf5-d46937760065/elements [39m[32m200[39m [90m226 ms - 139[39m
[35m[HTTP][39m [90m[39m
[35m[HTTP][39m [37m-->[39m [37mGET[39m [37m/wd/hub/session/96df49f6-d182-4356-bdf5-d46937760065/window/rect[39m
[35m[HTTP][39m [90m{}[39m
[35m[HTTP][39m [37m<-- GET /wd/hub/session/96df49f6-d182-4356-bdf5-d46937760065/window/rect [39m[32m200[39m [90m23 ms - 49[39m
[35m[HTTP][39m [90m[39m
[35m[HTTP][39m [37m-->[39m [37mPOST[39m [37m/wd/hub/session/96df49f6-d182-4356-bdf5-d46937760065/elements[39m
[35m[HTTP][39m [90m{"using":"xpath","value":"//*[@class = 'android.widget.TextView' and (@text = 'Samsung Galaxy S10 - Black' or . = 'Samsung Galaxy S10 - Black') and @resource-id = 'com.solodroid.solomerce:id/product_name']"}[39m
[35m[HTTP][39m [37m<-- POST /wd/hub/session/96df49f6-d182-4356-bdf5-d46937760065/elements [39m[32m200[39m [90m144 ms - 139[39m
[35m[HTTP][39m [90m[39m
[35m[HTTP][39m [37m-->[39m [37mGET[39m [37m/wd/hub/session/96df49f6-d182-4356-bdf5-d46937760065/element/00000000-0000-0064-7fff-ffff000000e1/location[39m
[35m[HTTP][39m [90m{}[39m
[35m[W3C (96df49f6)][39m Driver proxy active, passing request on via HTTP proxy
[35m[WD Proxy][39m Replacing sessionId 9cacbc58-73a5-4be0-b543-d0b781a0205d with 96df49f6-d182-4356-bdf5-d46937760065
[35m[HTTP][39m [37m<-- GET /wd/hub/session/96df49f6-d182-4356-bdf5-d46937760065/element/00000000-0000-0064-7fff-ffff000000e1/location [39m[32m200[39m [90m30 ms - 78[39m
[35m[HTTP][39m [90m[39m
[35m[HTTP][39m [37m-->[39m [37mGET[39m [37m/wd/hub/session/96df49f6-d182-4356-bdf5-d46937760065/element/00000000-0000-0064-7fff-ffff000000e1/text[39m
[35m[HTTP][39m [90m{}[39m
[35m[W3C (96df49f6)][39m Driver proxy active, passing request on via HTTP proxy
[35m[WD Proxy][39m Replacing sessionId 9cacbc58-73a5-4be0-b543-d0b781a0205d with 96df49f6-d182-4356-bdf5-d46937760065
[35m[HTTP][39m [37m<-- GET /wd/hub/session/96df49f6-d182-4356-bdf5-d46937760065/element/00000000-0000-0064-7fff-ffff000000e1/text [39m[32m200[39m [90m23 ms - 89[39m
[35m[HTTP][39m [90m[39m
[35m[HTTP][39m [37m-->[39m [37mGET[39m [37m/wd/hub/session/96df49f6-d182-4356-bdf5-d46937760065/source[39m
[35m[HTTP][39m [90m{}[39m
[35m[W3C (96df49f6)][39m Driver proxy active, passing request on via HTTP proxy
[35m[WD Proxy][39m Replacing sessionId 9cacbc58-73a5-4be0-b543-d0b781a0205d with 96df49f6-d182-4356-bdf5-d46937760065
[35m[HTTP][39m [37m<-- GET /wd/hub/session/96df49f6-d182-4356-bdf5-d46937760065/source [39m[32m200[39m [90m80 ms - 21325[39m
[35m[HTTP][39m [90m[39m
[35m[HTTP][39m [37m-->[39m [37mGET[39m [37m/wd/hub/session/96df49f6-d182-4356-bdf5-d46937760065/screenshot[39m
[35m[HTTP][39m [90m{}[39m
[35m[HTTP][39m [37m<-- GET /wd/hub/session/96df49f6-d182-4356-bdf5-d46937760065/screenshot [39m[32m200[39m [90m228 ms - 154696[39m
[35m[HTTP][39m [90m[39m
[35m[HTTP][39m [37m-->[39m [37mPOST[39m [37m/wd/hub/session/96df49f6-d182-4356-bdf5-d46937760065/elements[39m
[35m[HTTP][39m [90m{"using":"xpath","value":"//*[@class = 'android.widget.TextView' and (@text = 'U17 USB Portable M3 HUmidifier Air Purifier LED Night Light 200ML' or . = 'U17 USB Portable M3 HUmidifier Air Purifier LED Night Light 200ML') and @resource-id = 'com.solodroid.solomerce:id/product_name']"}[39m
[35m[HTTP][39m [37m<-- POST /wd/hub/session/96df49f6-d182-4356-bdf5-d46937760065/elements [39m[32m200[39m [90m120 ms - 139[39m
[35m[HTTP][39m [90m[39m
[35m[HTTP][39m [37m-->[39m [37mGET[39m [37m/wd/hub/session/96df49f6-d182-4356-bdf5-d46937760065/window/rect[39m
[35m[HTTP][39m [90m{}[39m
[35m[HTTP][39m [37m<-- GET /wd/hub/session/96df49f6-d182-4356-bdf5-d46937760065/window/rect [39m[32m200[39m [90m19 ms - 49[39m
[35m[HTTP][39m [90m[39m
[35m[HTTP][39m [37m-->[39m [37mPOST[39m [37m/wd/hub/session/96df49f6-d182-4356-bdf5-d46937760065/elements[39m
[35m[HTTP][39m [90m{"using":"xpath","value":"//*[@class = 'android.widget.TextView' and (@text = 'U17 USB Portable M3 HUmidifier Air Purifier LED Night Light 200ML' or . = 'U17 USB Portable M3 HUmidifier Air Purifier LED Night Light 200ML') and @resource-id = 'com.solodroid.solomerce:id/product_name']"}[39m
[35m[HTTP][39m [37m<-- POST /wd/hub/session/96df49f6-d182-4356-bdf5-d46937760065/elements [39m[32m200[39m [90m109 ms - 139[39m
[35m[HTTP][39m [90m[39m
[35m[HTTP][39m [37m-->[39m [37mGET[39m [37m/wd/hub/session/96df49f6-d182-4356-bdf5-d46937760065/element/00000000-0000-0064-7fff-ffff000000d7/location[39m
[35m[HTTP][39m [90m{}[39m
[35m[W3C (96df49f6)][39m Driver proxy active, passing request on via HTTP proxy
[35m[WD Proxy][39m Replacing sessionId 9cacbc58-73a5-4be0-b543-d0b781a0205d with 96df49f6-d182-4356-bdf5-d46937760065
[35m[HTTP][39m [37m<-- GET /wd/hub/session/96df49f6-d182-4356-bdf5-d46937760065/element/00000000-0000-0064-7fff-ffff000000d7/location [39m[32m200[39m [90m22 ms - 78[39m
[35m[HTTP][39m [90m[39m
[35m[HTTP][39m [37m-->[39m [37mGET[39m [37m/wd/hub/session/96df49f6-d182-4356-bdf5-d46937760065/element/00000000-0000-0064-7fff-ffff000000d7/text[39m
[35m[HTTP][39m [90m{}[39m
[35m[W3C (96df49f6)][39m Driver proxy active, passing request on via HTTP proxy
[35m[WD Proxy][39m Replacing sessionId 9cacbc58-73a5-4be0-b543-d0b781a0205d with 96df49f6-d182-4356-bdf5-d46937760065
[35m[HTTP][39m [37m<-- GET /wd/hub/session/96df49f6-d182-4356-bdf5-d46937760065/element/00000000-0000-0064-7fff-ffff000000d7/text [39m[32m200[39m [90m13 ms - 128[39m
[35m[HTTP][39m [90m[39m
[35m[HTTP][39m [37m-->[39m [37mGET[39m [37m/wd/hub/session/96df49f6-d182-4356-bdf5-d46937760065/source[39m
[35m[HTTP][39m [90m{}[39m
[35m[W3C (96df49f6)][39m Driver proxy active, passing request on via HTTP proxy
[35m[WD Proxy][39m Replacing sessionId 9cacbc58-73a5-4be0-b543-d0b781a0205d with 96df49f6-d182-4356-bdf5-d46937760065
[35m[HTTP][39m [37m<-- GET /wd/hub/session/96df49f6-d182-4356-bdf5-d46937760065/source [39m[32m200[39m [90m205 ms - 21325[39m
[35m[HTTP][39m [90m[39m
[35m[HTTP][39m [37m-->[39m [37mGET[39m [37m/wd/hub/session/96df49f6-d182-4356-bdf5-d46937760065/screenshot[39m
[35m[HTTP][39m [90m{}[39m
[35m[HTTP][39m [37m<-- GET /wd/hub/session/96df49f6-d182-4356-bdf5-d46937760065/screenshot [39m[32m200[39m [90m319 ms - 154232[39m
[35m[HTTP][39m [90m[39m
[35m[HTTP][39m [37m-->[39m [37mPOST[39m [37m/wd/hub/session/96df49f6-d182-4356-bdf5-d46937760065/elements[39m
[35m[HTTP][39m [90m{"using":"xpath","value":"//*[@class = 'android.support.v7.widget.LinearLayoutCompat' and (@text = '' or . = '')]"}[39m
[35m[HTTP][39m [37m<-- POST /wd/hub/session/96df49f6-d182-4356-bdf5-d46937760065/elements [39m[32m200[39m [90m134 ms - 139[39m
[35m[HTTP][39m [90m[39m
[35m[HTTP][39m [37m-->[39m [37mGET[39m [37m/wd/hub/session/96df49f6-d182-4356-bdf5-d46937760065/window/rect[39m
[35m[HTTP][39m [90m{}[39m
[35m[HTTP][39m [37m<-- GET /wd/hub/session/96df49f6-d182-4356-bdf5-d46937760065/window/rect [39m[32m200[39m [90m18 ms - 49[39m
[35m[HTTP][39m [90m[39m
[35m[HTTP][39m [37m-->[39m [37mPOST[39m [37m/wd/hub/session/96df49f6-d182-4356-bdf5-d46937760065/elements[39m
[35m[HTTP][39m [90m{"using":"xpath","value":"//*[@class = 'android.support.v7.widget.LinearLayoutCompat' and (@text = '' or . = '')]"}[39m
[35m[HTTP][39m [37m<-- POST /wd/hub/session/96df49f6-d182-4356-bdf5-d46937760065/elements [39m[32m200[39m [90m123 ms - 139[39m
[35m[HTTP][39m [90m[39m
[35m[HTTP][39m [37m-->[39m [37mGET[39m [37m/wd/hub/session/96df49f6-d182-4356-bdf5-d46937760065/element/00000000-0000-0064-7fff-ffff000000cb/location[39m
[35m[HTTP][39m [90m{}[39m
[35m[W3C (96df49f6)][39m Driver proxy active, passing request on via HTTP proxy
[35m[WD Proxy][39m Replacing sessionId 9cacbc58-73a5-4be0-b543-d0b781a0205d with 96df49f6-d182-4356-bdf5-d46937760065
[35m[HTTP][39m [37m<-- GET /wd/hub/session/96df49f6-d182-4356-bdf5-d46937760065/element/00000000-0000-0064-7fff-ffff000000cb/location [39m[32m200[39m [90m19 ms - 77[39m
[35m[HTTP][39m [90m[39m
[35m[HTTP][39m [37m-->[39m [37mPOST[39m [37m/wd/hub/session/96df49f6-d182-4356-bdf5-d46937760065/touch/perform[39m
[35m[HTTP][39m [90m{"actions":[{"action":"tap","options":{"x":1,"y":1,"element":"00000000-0000-0064-7fff-ffff000000cb"}}]}[39m
[35m[UiAutomator2][39m calling get location: 00000000-0000-0064-7fff-ffff000000cb
[35m[HTTP][39m [37m<-- POST /wd/hub/session/96df49f6-d182-4356-bdf5-d46937760065/touch/perform [39m[32m200[39m [90m177 ms - 14[39m
[35m[HTTP][39m [90m[39m
[35m[HTTP][39m [37m-->[39m [37mGET[39m [37m/wd/hub/session/96df49f6-d182-4356-bdf5-d46937760065/source[39m
[35m[HTTP][39m [90m{}[39m
[35m[W3C (96df49f6)][39m Driver proxy active, passing request on via HTTP proxy
[35m[WD Proxy][39m Replacing sessionId 9cacbc58-73a5-4be0-b543-d0b781a0205d with 96df49f6-d182-4356-bdf5-d46937760065
[35m[HTTP][39m [37m<-- GET /wd/hub/session/96df49f6-d182-4356-bdf5-d46937760065/source [39m[32m200[39m [90m149 ms - 21325[39m
[35m[HTTP][39m [90m[39m
[35m[HTTP][39m [37m-->[39m [37mGET[39m [37m/wd/hub/session/96df49f6-d182-4356-bdf5-d46937760065/screenshot[39m
[35m[HTTP][39m [90m{}[39m
[35m[HTTP][39m [37m<-- GET /wd/hub/session/96df49f6-d182-4356-bdf5-d46937760065/screenshot [39m[32m200[39m [90m369 ms - 154232[39m
[35m[HTTP][39m [90m[39m
[35m[HTTP][39m [37m-->[39m [37mPOST[39m [37m/wd/hub/session/96df49f6-d182-4356-bdf5-d46937760065/elements[39m
[35m[HTTP][39m [90m{"using":"xpath","value":"//*[@class = 'android.widget.TextView' and @resource-id = 'com.solodroid.solomerce:id/clear' and (@text = '' or . = '')]"}[39m
[35m[HTTP][39m [37m<-- POST /wd/hub/session/96df49f6-d182-4356-bdf5-d46937760065/elements [39m[32m200[39m [90m104 ms - 139[39m
[35m[HTTP][39m [90m[39m
[35m[HTTP][39m [37m-->[39m [37mGET[39m [37m/wd/hub/session/96df49f6-d182-4356-bdf5-d46937760065/window/rect[39m
[35m[HTTP][39m [90m{}[39m
[35m[HTTP][39m [37m<-- GET /wd/hub/session/96df49f6-d182-4356-bdf5-d46937760065/window/rect [39m[32m200[39m [90m17 ms - 49[39m
[35m[HTTP][39m [90m[39m
[35m[HTTP][39m [37m-->[39m [37mPOST[39m [37m/wd/hub/session/96df49f6-d182-4356-bdf5-d46937760065/elements[39m
[35m[HTTP][39m [90m{"using":"xpath","value":"//*[@class = 'android.widget.TextView' and @resource-id = 'com.solodroid.solomerce:id/clear' and (@text = '' or . = '')]"}[39m
[35m[HTTP][39m [37m<-- POST /wd/hub/session/96df49f6-d182-4356-bdf5-d46937760065/elements [39m[32m200[39m [90m208 ms - 139[39m
[35m[HTTP][39m [90m[39m
[35m[HTTP][39m [37m-->[39m [37mGET[39m [37m/wd/hub/session/96df49f6-d182-4356-bdf5-d46937760065/element/00000000-0000-0064-7fff-ffff000000c1/location[39m
[35m[HTTP][39m [90m{}[39m
[35m[W3C (96df49f6)][39m Driver proxy active, passing request on via HTTP proxy
[35m[WD Proxy][39m Replacing sessionId 9cacbc58-73a5-4be0-b543-d0b781a0205d with 96df49f6-d182-4356-bdf5-d46937760065
[35m[HTTP][39m [37m<-- GET /wd/hub/session/96df49f6-d182-4356-bdf5-d46937760065/element/00000000-0000-0064-7fff-ffff000000c1/location [39m[32m200[39m [90m20 ms - 77[39m
[35m[HTTP][39m [90m[39m
[35m[HTTP][39m [37m-->[39m [37mPOST[39m [37m/wd/hub/session/96df49f6-d182-4356-bdf5-d46937760065/touch/perform[39m
[35m[HTTP][39m [90m{"actions":[{"action":"tap","options":{"x":1,"y":1,"element":"00000000-0000-0064-7fff-ffff000000c1"}}]}[39m
[35m[UiAutomator2][39m calling get location: 00000000-0000-0064-7fff-ffff000000c1
[35m[HTTP][39m [37m<-- POST /wd/hub/session/96df49f6-d182-4356-bdf5-d46937760065/touch/perform [39m[32m200[39m [90m147 ms - 14[39m
[35m[HTTP][39m [90m[39m
[35m[HTTP][39m [37m-->[39m [37mGET[39m [37m/wd/hub/session/96df49f6-d182-4356-bdf5-d46937760065/source[39m
[35m[HTTP][39m [90m{}[39m
[35m[W3C (96df49f6)][39m Driver proxy active, passing request on via HTTP proxy
[35m[WD Proxy][39m Replacing sessionId 9cacbc58-73a5-4be0-b543-d0b781a0205d with 96df49f6-d182-4356-bdf5-d46937760065
[35m[HTTP][39m [37m<-- GET /wd/hub/session/96df49f6-d182-4356-bdf5-d46937760065/source [39m[32m200[39m [90m863 ms - 7291[39m
[35m[HTTP][39m [90m[39m
[35m[HTTP][39m [37m-->[39m [37mGET[39m [37m/wd/hub/session/96df49f6-d182-4356-bdf5-d46937760065/screenshot[39m
[35m[HTTP][39m [90m{}[39m
[35m[HTTP][39m [37m<-- GET /wd/hub/session/96df49f6-d182-4356-bdf5-d46937760065/screenshot [39m[32m200[39m [90m238 ms - 146736[39m
[35m[HTTP][39m [90m[39m
[35m[HTTP][39m [37m-->[39m [37mPOST[39m [37m/wd/hub/session/96df49f6-d182-4356-bdf5-d46937760065/elements[39m
[35m[HTTP][39m [90m{"using":"xpath","value":"//*[@class = 'android.widget.Button' and (@text = 'YES' or . = 'YES') and @resource-id = 'android:id/button1']"}[39m
[35m[HTTP][39m [37m<-- POST /wd/hub/session/96df49f6-d182-4356-bdf5-d46937760065/elements [39m[32m200[39m [90m80 ms - 139[39m
[35m[HTTP][39m [90m[39m
[35m[HTTP][39m [37m-->[39m [37mGET[39m [37m/wd/hub/session/96df49f6-d182-4356-bdf5-d46937760065/window/rect[39m
[35m[HTTP][39m [90m{}[39m
[35m[HTTP][39m [37m<-- GET /wd/hub/session/96df49f6-d182-4356-bdf5-d46937760065/window/rect [39m[32m200[39m [90m26 ms - 49[39m
[35m[HTTP][39m [90m[39m
[35m[HTTP][39m [37m-->[39m [37mPOST[39m [37m/wd/hub/session/96df49f6-d182-4356-bdf5-d46937760065/elements[39m
[35m[HTTP][39m [90m{"using":"xpath","value":"//*[@class = 'android.widget.Button' and (@text = 'YES' or . = 'YES') and @resource-id = 'android:id/button1']"}[39m
[35m[HTTP][39m [37m<-- POST /wd/hub/session/96df49f6-d182-4356-bdf5-d46937760065/elements [39m[32m200[39m [90m80 ms - 139[39m
[35m[HTTP][39m [90m[39m
[35m[HTTP][39m [37m-->[39m [37mGET[39m [37m/wd/hub/session/96df49f6-d182-4356-bdf5-d46937760065/element/00000000-0000-0066-7fff-ffff000000f3/location[39m
[35m[HTTP][39m [90m{}[39m
[35m[W3C (96df49f6)][39m Driver proxy active, passing request on via HTTP proxy
[35m[WD Proxy][39m Replacing sessionId 9cacbc58-73a5-4be0-b543-d0b781a0205d with 96df49f6-d182-4356-bdf5-d46937760065
[35m[HTTP][39m [37m<-- GET /wd/hub/session/96df49f6-d182-4356-bdf5-d46937760065/element/00000000-0000-0066-7fff-ffff000000f3/location [39m[32m200[39m [90m22 ms - 78[39m
[35m[HTTP][39m [90m[39m
[35m[HTTP][39m [37m-->[39m [37mPOST[39m [37m/wd/hub/session/96df49f6-d182-4356-bdf5-d46937760065/touch/perform[39m
[35m[HTTP][39m [90m{"actions":[{"action":"tap","options":{"x":1,"y":1,"element":"00000000-0000-0066-7fff-ffff000000f3"}}]}[39m
[35m[UiAutomator2][39m calling get location: 00000000-0000-0066-7fff-ffff000000f3
[35m[HTTP][39m [37m<-- POST /wd/hub/session/96df49f6-d182-4356-bdf5-d46937760065/touch/perform [39m[32m200[39m [90m144 ms - 14[39m
[35m[HTTP][39m [90m[39m
[35m[HTTP][39m [37m-->[39m [37mGET[39m [37m/wd/hub/session/96df49f6-d182-4356-bdf5-d46937760065/source[39m
[35m[HTTP][39m [90m{}[39m
[35m[W3C (96df49f6)][39m Driver proxy active, passing request on via HTTP proxy
[35m[WD Proxy][39m Replacing sessionId 9cacbc58-73a5-4be0-b543-d0b781a0205d with 96df49f6-d182-4356-bdf5-d46937760065
[35m[HTTP][39m [37m<-- GET /wd/hub/session/96df49f6-d182-4356-bdf5-d46937760065/source [39m[32m200[39m [90m134 ms - 23567[39m
[35m[HTTP][39m [90m[39m
[35m[HTTP][39m [37m-->[39m [37mGET[39m [37m/wd/hub/session/96df49f6-d182-4356-bdf5-d46937760065/screenshot[39m
[35m[HTTP][39m [90m{}[39m
[35m[HTTP][39m [37m<-- GET /wd/hub/session/96df49f6-d182-4356-bdf5-d46937760065/screenshot [39m[32m200[39m [90m308 ms - 50154[39m
[35m[HTTP][39m [90m[39m
[35m[HTTP][39m [37m-->[39m [37mGET[39m [37m/wd/hub/session/96df49f6-d182-4356-bdf5-d46937760065/source[39m
[35m[HTTP][39m [90m{}[39m
[35m[W3C (96df49f6)][39m Driver proxy active, passing request on via HTTP proxy
[35m[WD Proxy][39m Replacing sessionId 9cacbc58-73a5-4be0-b543-d0b781a0205d with 96df49f6-d182-4356-bdf5-d46937760065
[35m[HTTP][39m [37m<-- GET /wd/hub/session/96df49f6-d182-4356-bdf5-d46937760065/source [39m[32m200[39m [90m154 ms - 23567[39m
[35m[HTTP][39m [90m[39m
[35m[HTTP][39m [37m-->[39m [37mGET[39m [37m/wd/hub/session/96df49f6-d182-4356-bdf5-d46937760065/screenshot[39m
[35m[HTTP][39m [90m{}[39m
[35m[HTTP][39m [37m<-- GET /wd/hub/session/96df49f6-d182-4356-bdf5-d46937760065/screenshot [39m[32m200[39m [90m785 ms - 50154[39m
[35m[HTTP][39m [90m[39m
[35m[HTTP][39m [37m-->[39m [37mPOST[39m [37m/wd/hub/session/96df49f6-d182-4356-bdf5-d46937760065/elements[39m
[35m[HTTP][39m [90m{"using":"xpath","value":"//*[@class = 'android.widget.TextView' and (@text = 'Whoops, your cart is empty' or . = 'Whoops, your cart is empty') and @resource-id = 'com.solodroid.solomerce:id/no_item_message']"}[39m
[35m[HTTP][39m [37m<-- POST /wd/hub/session/96df49f6-d182-4356-bdf5-d46937760065/elements [39m[32m200[39m [90m172 ms - 139[39m
[35m[HTTP][39m [90m[39m
[35m[HTTP][39m [37m-->[39m [37mGET[39m [37m/wd/hub/session/96df49f6-d182-4356-bdf5-d46937760065/window/rect[39m
[35m[HTTP][39m [90m{}[39m
[35m[HTTP][39m [37m<-- GET /wd/hub/session/96df49f6-d182-4356-bdf5-d46937760065/window/rect [39m[32m200[39m [90m24 ms - 49[39m
[35m[HTTP][39m [90m[39m
[35m[HTTP][39m [37m-->[39m [37mPOST[39m [37m/wd/hub/session/96df49f6-d182-4356-bdf5-d46937760065/elements[39m
[35m[HTTP][39m [90m{"using":"xpath","value":"//*[@class = 'android.widget.TextView' and (@text = 'Whoops, your cart is empty' or . = 'Whoops, your cart is empty') and @resource-id = 'com.solodroid.solomerce:id/no_item_message']"}[39m
[35m[HTTP][39m [37m<-- POST /wd/hub/session/96df49f6-d182-4356-bdf5-d46937760065/elements [39m[32m200[39m [90m107 ms - 139[39m
[35m[HTTP][39m [90m[39m
[35m[HTTP][39m [37m-->[39m [37mGET[39m [37m/wd/hub/session/96df49f6-d182-4356-bdf5-d46937760065/element/00000000-0000-0064-7fff-ffff0000010a/location[39m
[35m[HTTP][39m [90m{}[39m
[35m[W3C (96df49f6)][39m Driver proxy active, passing request on via HTTP proxy
[35m[WD Proxy][39m Replacing sessionId 9cacbc58-73a5-4be0-b543-d0b781a0205d with 96df49f6-d182-4356-bdf5-d46937760065
[35m[HTTP][39m [37m<-- GET /wd/hub/session/96df49f6-d182-4356-bdf5-d46937760065/element/00000000-0000-0064-7fff-ffff0000010a/location [39m[32m200[39m [90m23 ms - 78[39m
[35m[HTTP][39m [90m[39m
[35m[HTTP][39m [37m-->[39m [37mGET[39m [37m/wd/hub/session/96df49f6-d182-4356-bdf5-d46937760065/element/00000000-0000-0064-7fff-ffff0000010a/text[39m
[35m[HTTP][39m [90m{}[39m
[35m[W3C (96df49f6)][39m Driver proxy active, passing request on via HTTP proxy
[35m[WD Proxy][39m Replacing sessionId 9cacbc58-73a5-4be0-b543-d0b781a0205d with 96df49f6-d182-4356-bdf5-d46937760065
[35m[HTTP][39m [37m<-- GET /wd/hub/session/96df49f6-d182-4356-bdf5-d46937760065/element/00000000-0000-0064-7fff-ffff0000010a/text [39m[32m200[39m [90m20 ms - 89[39m
[35m[HTTP][39m [90m[39m
[35m[HTTP][39m [37m-->[39m [37mGET[39m [37m/wd/hub/session/96df49f6-d182-4356-bdf5-d46937760065/source[39m
[35m[HTTP][39m [90m{}[39m
[35m[W3C (96df49f6)][39m Driver proxy active, passing request on via HTTP proxy
[35m[WD Proxy][39m Replacing sessionId 9cacbc58-73a5-4be0-b543-d0b781a0205d with 96df49f6-d182-4356-bdf5-d46937760065
[35m[HTTP][39m [37m<-- GET /wd/hub/session/96df49f6-d182-4356-bdf5-d46937760065/source [39m[32m200[39m [90m157 ms - 23567[39m
[35m[HTTP][39m [90m[39m
[35m[HTTP][39m [37m-->[39m [37mGET[39m [37m/wd/hub/session/96df49f6-d182-4356-bdf5-d46937760065/screenshot[39m
[35m[HTTP][39m [90m{}[39m
[35m[HTTP][39m [37m<-- GET /wd/hub/session/96df49f6-d182-4356-bdf5-d46937760065/screenshot [39m[32m200[39m [90m401 ms - 50328[39m
[35m[HTTP][39m [90m[39m
[35m[HTTP][39m [37m-->[39m [37mPOST[39m [37m/wd/hub/session/96df49f6-d182-4356-bdf5-d46937760065/elements[39m
[35m[HTTP][39m [90m{"using":"xpath","value":"//*[@class = 'android.widget.Button' and (@text = 'CONTINUE SHOPPING' or . = 'CONTINUE SHOPPING') and @resource-id = 'com.solodroid.solomerce:id/btn_continue']"}[39m
[35m[HTTP][39m [37m<-- POST /wd/hub/session/96df49f6-d182-4356-bdf5-d46937760065/elements [39m[32m200[39m [90m220 ms - 139[39m
[35m[HTTP][39m [90m[39m
[35m[HTTP][39m [37m-->[39m [37mGET[39m [37m/wd/hub/session/96df49f6-d182-4356-bdf5-d46937760065/window/rect[39m
[35m[HTTP][39m [90m{}[39m
[35m[HTTP][39m [37m<-- GET /wd/hub/session/96df49f6-d182-4356-bdf5-d46937760065/window/rect [39m[32m200[39m [90m34 ms - 49[39m
[35m[HTTP][39m [90m[39m
[35m[HTTP][39m [37m-->[39m [37mPOST[39m [37m/wd/hub/session/96df49f6-d182-4356-bdf5-d46937760065/elements[39m
[35m[HTTP][39m [90m{"using":"xpath","value":"//*[@class = 'android.widget.Button' and (@text = 'CONTINUE SHOPPING' or . = 'CONTINUE SHOPPING') and @resource-id = 'com.solodroid.solomerce:id/btn_continue']"}[39m
[35m[HTTP][39m [37m<-- POST /wd/hub/session/96df49f6-d182-4356-bdf5-d46937760065/elements [39m[32m200[39m [90m116 ms - 139[39m
[35m[HTTP][39m [90m[39m
[35m[HTTP][39m [37m-->[39m [37mGET[39m [37m/wd/hub/session/96df49f6-d182-4356-bdf5-d46937760065/element/00000000-0000-0064-7fff-ffff00000109/location[39m
[35m[HTTP][39m [90m{}[39m
[35m[W3C (96df49f6)][39m Driver proxy active, passing request on via HTTP proxy
[35m[WD Proxy][39m Replacing sessionId 9cacbc58-73a5-4be0-b543-d0b781a0205d with 96df49f6-d182-4356-bdf5-d46937760065
[35m[HTTP][39m [37m<-- GET /wd/hub/session/96df49f6-d182-4356-bdf5-d46937760065/element/00000000-0000-0064-7fff-ffff00000109/location [39m[32m200[39m [90m22 ms - 78[39m
[35m[HTTP][39m [90m[39m
[35m[HTTP][39m [37m-->[39m [37mPOST[39m [37m/wd/hub/session/96df49f6-d182-4356-bdf5-d46937760065/touch/perform[39m
[35m[HTTP][39m [90m{"actions":[{"action":"tap","options":{"x":1,"y":1,"element":"00000000-0000-0064-7fff-ffff00000109"}}]}[39m
[35m[UiAutomator2][39m calling get location: 00000000-0000-0064-7fff-ffff00000109
[35m[HTTP][39m [37m<-- POST /wd/hub/session/96df49f6-d182-4356-bdf5-d46937760065/touch/perform [39m[32m200[39m [90m155 ms - 14[39m
[35m[HTTP][39m [90m[39m
[35m[HTTP][39m [37m-->[39m [37mGET[39m [37m/wd/hub/session/96df49f6-d182-4356-bdf5-d46937760065/source[39m
[35m[HTTP][39m [90m{}[39m
[35m[W3C (96df49f6)][39m Driver proxy active, passing request on via HTTP proxy
[35m[WD Proxy][39m Replacing sessionId 9cacbc58-73a5-4be0-b543-d0b781a0205d with 96df49f6-d182-4356-bdf5-d46937760065
[35m[HTTP][39m [37m<-- GET /wd/hub/session/96df49f6-d182-4356-bdf5-d46937760065/source [39m[32m200[39m [90m350 ms - 30264[39m
[35m[HTTP][39m [90m[39m
[35m[HTTP][39m [37m-->[39m [37mGET[39m [37m/wd/hub/session/96df49f6-d182-4356-bdf5-d46937760065/screenshot[39m
[35m[HTTP][39m [90m{}[39m
[35m[HTTP][39m [37m<-- GET /wd/hub/session/96df49f6-d182-4356-bdf5-d46937760065/screenshot [39m[32m200[39m [90m1079 ms - 659178[39m
[35m[HTTP][39m [90m[39m
[35m[HTTP][39m [37m-->[39m [37mDELETE[39m [37m/wd/hub/session/96df49f6-d182-4356-bdf5-d46937760065[39m
[35m[HTTP][39m [90m{}[39m
[35m[Appium][39m Removing session 96df49f6-d182-4356-bdf5-d46937760065 from our master session list
[35m[HTTP][39m [37m<-- DELETE /wd/hub/session/96df49f6-d182-4356-bdf5-d46937760065 [39m[32m200[39m [90m1040 ms - 14[39m
[35m[HTTP][39m [90m[39m
